<?xml version="1.0" encoding="UTF-8"?>
<testsuite name="StoreTests" tests="1" skipped="0" failures="0" errors="0" timestamp="2021-03-19T22:16:08" hostname="DESKTOP-R0G4H1R" time="9.877">
  <properties/>
  <testcase name="AddSingleProductToCart" classname="StoreTests" time="9.877"/>
  <system-out><![CDATA[null
900000.0
900000.00 - 900000.0
]]></system-out>
  <system-err><![CDATA[Starting ChromeDriver 89.0.4389.23 (61b08ee2c50024bab004e48d2b1b083cdbdac579-refs/branch-heads/4389@{#294}) on port 41259
Only local connections are allowed.
Please see https://chromedriver.chromium.org/security-considerations for suggestions on keeping ChromeDriver safe.
ChromeDriver was started successfully.
Mar 19, 2021 5:16:10 PM org.openqa.selenium.remote.ProtocolHandshake createSession
INFO: Detected dialect: W3C
]]></system-err>
</testsuite>
