<?xml version="1.0" encoding="UTF-8"?>
<testsuite name="ContactUsTests" tests="2" skipped="0" failures="0" errors="0" timestamp="2021-03-18T14:08:21" hostname="DESKTOP-R0G4H1R" time="21.352">
  <properties/>
  <testcase name="contactFormInvalidEntries" classname="ContactUsTests" time="13.719"/>
  <testcase name="verifyContactFormErrorMessages" classname="ContactUsTests" time="7.506"/>
  <system-out><![CDATA[6
]]></system-out>
  <system-err><![CDATA[Starting ChromeDriver 89.0.4389.23 (61b08ee2c50024bab004e48d2b1b083cdbdac579-refs/branch-heads/4389@{#294}) on port 35723
Only local connections are allowed.
Please see https://chromedriver.chromium.org/security-considerations for suggestions on keeping ChromeDriver safe.
ChromeDriver was started successfully.
Mar 18, 2021 9:08:27 AM org.openqa.selenium.remote.ProtocolHandshake createSession
INFO: Detected dialect: W3C
Starting ChromeDriver 89.0.4389.23 (61b08ee2c50024bab004e48d2b1b083cdbdac579-refs/branch-heads/4389@{#294}) on port 13890
Only local connections are allowed.
Please see https://chromedriver.chromium.org/security-considerations for suggestions on keeping ChromeDriver safe.
ChromeDriver was started successfully.
Mar 18, 2021 9:08:36 AM org.openqa.selenium.remote.ProtocolHandshake createSession
INFO: Detected dialect: W3C
]]></system-err>
</testsuite>
