<?xml version="1.0" encoding="UTF-8"?>
<testsuite name="QualityLogicTests" tests="1" skipped="0" failures="0" errors="0" timestamp="2021-03-04T16:22:18" hostname="DESKTOP-R0G4H1R" time="19.184">
  <properties/>
  <testcase name="youtubeEmbed" classname="QualityLogicTests" time="19.184"/>
  <system-out><![CDATA[Play
]]></system-out>
  <system-err><![CDATA[Starting ChromeDriver 88.0.4324.96 (68dba2d8a0b149a1d3afac56fa74648032bcf46b-refs/branch-heads/4324@{#1784}) on port 15801
Only local connections are allowed.
Please see https://chromedriver.chromium.org/security-considerations for suggestions on keeping ChromeDriver safe.
ChromeDriver was started successfully.
Mar 04, 2021 10:22:19 AM org.openqa.selenium.remote.ProtocolHandshake createSession
INFO: Detected dialect: W3C
]]></system-err>
</testsuite>
